<?xml version="1.0" encoding="UTF-8"?>
<!-- Generated by org.testng.reporters.JUnitXMLReporter -->
<testsuite ignored="4" hostname="DESKTOP-BERM9FC" failures="0" tests="1" name="Default test" time="16.451" errors="0" timestamp="2023-09-27T18:57:50 IST">
  <testcase classname="com.facebook.qa.testcases.HomePageTest" name="verifyProfileNameTest" time="6.58"/>
  <testcase classname="com.facebook.qa.testcases.HomePageTest" name="verifyHomePageTitleTest" time="0.0">
    <ignored/>
  </testcase> <!-- verifyHomePageTitleTest -->
  <testcase classname="com.facebook.qa.testcases.HomePageTest" name="verifySavedPageTest" time="0.0">
    <ignored/>
  </testcase> <!-- verifySavedPageTest -->
  <testcase classname="com.facebook.qa.testcases.HomePageTest" name="verifyClickOnProfileTest" time="0.0">
    <ignored/>
  </testcase> <!-- verifyClickOnProfileTest -->
  <testcase classname="com.facebook.qa.testcases.HomePageTest" name="verifyFindFriendsPageTest" time="0.0">
    <ignored/>
  </testcase> <!-- verifyFindFriendsPageTest -->
</testsuite> <!-- Default test -->
