<?xml version="1.0" encoding="UTF-8"?>
<!-- Generated by org.testng.reporters.JUnitXMLReporter -->
<testsuite ignored="0" hostname="DESKTOP-BERM9FC" failures="0" tests="12" name="facebook Application Test Cases" time="221.48" errors="0" timestamp="2023-09-27T16:57:28 IST">
  <testcase classname="com.facebook.qa.testcases.LoginPageTest" name="loginPageTitleTest" time="0.102"/>
  <testcase classname="com.facebook.qa.testcases.LoginPageTest" name="loginTest" time="0.611"/>
  <testcase classname="com.facebook.qa.testcases.HomePageTest" name="verifyHomePageTitleTest" time="9.297"/>
  <testcase classname="com.facebook.qa.testcases.HomePageTest" name="verifyProfileNameTest" time="5.978"/>
  <testcase classname="com.facebook.qa.testcases.HomePageTest" name="verifyClickOnProfileTest" time="8.574"/>
  <testcase classname="com.facebook.qa.testcases.HomePageTest" name="verifyFindFriendsPageTest" time="6.794"/>
  <testcase classname="com.facebook.qa.testcases.HomePageTest" name="verifySavedPageTest" time="32.571"/>
  <testcase classname="com.facebook.qa.testcases.FindFriendsPageTest" name="verifyFriendsPageTitleTest" time="0.183"/>
  <testcase classname="com.facebook.qa.testcases.FindFriendsPageTest" name="ClickOnFriendRequestLinkTest" time="1.287"/>
  <testcase classname="com.facebook.qa.testcases.FindFriendsPageTest" name="ClickOnSuggestionsLinkTest" time="1.531"/>
  <testcase classname="com.facebook.qa.testcases.FindFriendsPageTest" name="ClickOnBirthdayLinkTest" time="1.07"/>
  <testcase classname="com.facebook.qa.testcases.FindFriendsPageTest" name="ClickOnCustomListsLinkTest" time="1.47"/>
</testsuite> <!-- facebook Application Test Cases -->
